<?xml version="1.0" encoding="UTF-8"?>
<!-- Generated by org.testng.reporters.JUnitReportReporter -->
<testsuite skipped="0" hostname="admin-PC" name="myApplication.TestNGAnnotations" tests="2" failures="0" timestamp="02 Dec 2019 17:40:09 GMT" time="0.008" errors="0">
  <testcase name="testcase1" time="0.005" classname="myApplication.TestNGAnnotations"/>
  <testcase name="testcase2" time="0.003" classname="myApplication.TestNGAnnotations"/>
</testsuite> <!-- myApplication.TestNGAnnotations -->
