<?xml version="1.0" encoding="UTF-8"?>
<!-- Generated by org.testng.reporters.JUnitReportReporter -->
<testsuite skipped="0" hostname="admin-PC" name="myApplication.SizePageTest" tests="1" failures="0" timestamp="28 Nov 2019 18:13:14 GMT" time="3.028" errors="0">
  <testcase name="verifysSize" time="3.028" classname="myApplication.SizePageTest"/>
</testsuite> <!-- myApplication.SizePageTest -->
