<?xml version="1.0" encoding="UTF-8"?>
<!-- Generated by org.testng.reporters.JUnitReportReporter -->
<testsuite skipped="1" hostname="admin-PC" name="myApplication.IgnoreAnnotations" tests="2" failures="0" timestamp="02 Dec 2019 17:44:09 GMT" time="0.010" errors="0">
  <testcase name="testCase1" time="0.010" classname="myApplication.IgnoreAnnotations"/>
  <testcase name="testCase2" classname="myApplication.IgnoreAnnotations">
    <skipped/>
  </testcase> <!-- testCase2 -->
</testsuite> <!-- myApplication.IgnoreAnnotations -->
