<?xml version="1.0" encoding="UTF-8"?>
<!-- Generated by org.testng.reporters.JUnitReportReporter -->
<testsuite skipped="0" hostname="admin-PC" name="myApplication.RanTestPage" tests="1" failures="0" timestamp="03 Dec 2019 17:57:13 GMT" time="2.331" errors="0">
  <testcase name="verifyEmailId" time="2.331" classname="myApplication.RanTestPage"/>
</testsuite> <!-- myApplication.RanTestPage -->
