<?xml version="1.0" encoding="UTF-8"?>
<!-- Generated by org.testng.reporters.JUnitReportReporter -->
<testsuite skipped="0" hostname="admin-PC" name="myApplication.HomepageTest" tests="3" failures="0" timestamp="27 Nov 2019 16:47:07 GMT" time="0.223" errors="0">
  <testcase name="verifyDressesTag" time="0.113" classname="myApplication.HomepageTest"/>
  <testcase name="verifyTshirtsTag" time="0.064" classname="myApplication.HomepageTest"/>
  <testcase name="verifyWomenTag" time="0.046" classname="myApplication.HomepageTest"/>
</testsuite> <!-- myApplication.HomepageTest -->
