<?xml version="1.0" encoding="UTF-8"?>
<!-- Generated by org.testng.reporters.JUnitReportReporter -->
<testsuite skipped="0" hostname="admin-PC" name="myApplication.PriorityTest" tests="3" failures="0" timestamp="02 Dec 2019 17:52:46 GMT" time="0.017" errors="0">
  <testcase name="testCase1" time="0.009" classname="myApplication.PriorityTest"/>
  <testcase name="testCase3" time="0.003" classname="myApplication.PriorityTest"/>
  <testcase name="testCase2" time="0.005" classname="myApplication.PriorityTest"/>
</testsuite> <!-- myApplication.PriorityTest -->
