<?xml version="1.0" encoding="UTF-8"?>
<!-- Generated by org.testng.reporters.JUnitReportReporter -->
<testsuite skipped="0" hostname="admin-PC" name="myApplication.DependencyTest" tests="3" failures="0" timestamp="02 Dec 2019 17:49:52 GMT" time="0.013" errors="0">
  <testcase name="testCase3" time="0.010" classname="myApplication.DependencyTest"/>
  <testcase name="testCase2" time="0.002" classname="myApplication.DependencyTest"/>
  <testcase name="testCase1" time="0.001" classname="myApplication.DependencyTest"/>
</testsuite> <!-- myApplication.DependencyTest -->
