<?xml version="1.0" encoding="UTF-8"?>
<!-- Generated by org.testng.reporters.JUnitReportReporter -->
<testsuite skipped="0" hostname="admin-PC" name="myApplication.GroupTest" tests="5" failures="0" timestamp="02 Dec 2019 17:56:23 GMT" time="0.019" errors="0">
  <testcase name="testCase5" time="0.002" classname="myApplication.GroupTest"/>
  <testcase name="testCase3" time="0.003" classname="myApplication.GroupTest"/>
  <testcase name="testCase2" time="0.002" classname="myApplication.GroupTest"/>
  <testcase name="testCase1" time="0.010" classname="myApplication.GroupTest"/>
  <testcase name="testCase4" time="0.002" classname="myApplication.GroupTest"/>
</testsuite> <!-- myApplication.GroupTest -->
